DEBUG:urllib3.connectionpool:Starting new HTTPS connection (1): api-gateway.instructure.com:443
DEBUG:urllib3.connectionpool:https://api-gateway.instructure.com:443 "POST /ids/auth/login HTTP/1.1" 200 None
INFO:root:Sender søk til https://api-gateway.instructure.com/dap/query/canvas/table/access_tokens/data
DEBUG:urllib3.connectionpool:Starting new HTTPS connection (1): api-gateway.instructure.com:443
DEBUG:urllib3.connectionpool:https://api-gateway.instructure.com:443 "POST /dap/query/canvas/table/access_tokens/data HTTP/1.1" 200 116
INFO:root:Vent til fila blir tilgjengelig: https://api-gateway.instructure.com/dap/query/canvas/table/access_tokens/data/job/c4c90ac7-1aee-4320-b37c-0a1aa3665cfd
DEBUG:urllib3.connectionpool:Starting new HTTPS connection (1): api-gateway.instructure.com:443
DEBUG:urllib3.connectionpool:https://api-gateway.instructure.com:443 "GET /dap//job/c4c90ac7-1aee-4320-b37c-0a1aa3665cfd HTTP/1.1" 301 0
DEBUG:urllib3.connectionpool:https://api-gateway.instructure.com:443 "GET /dap/job/c4c90ac7-1aee-4320-b37c-0a1aa3665cfd HTTP/1.1" 200 116
INFO:root:Vent til fila blir tilgjengelig: https://api-gateway.instructure.com/dap/query/canvas/table/access_tokens/data/job/c4c90ac7-1aee-4320-b37c-0a1aa3665cfd
DEBUG:urllib3.connectionpool:Starting new HTTPS connection (1): api-gateway.instructure.com:443
DEBUG:urllib3.connectionpool:https://api-gateway.instructure.com:443 "GET /dap//job/c4c90ac7-1aee-4320-b37c-0a1aa3665cfd HTTP/1.1" 301 0
DEBUG:urllib3.connectionpool:https://api-gateway.instructure.com:443 "GET /dap/job/c4c90ac7-1aee-4320-b37c-0a1aa3665cfd HTTP/1.1" 200 116
INFO:root:Vent til fila blir tilgjengelig: https://api-gateway.instructure.com/dap/query/canvas/table/access_tokens/data/job/c4c90ac7-1aee-4320-b37c-0a1aa3665cfd
DEBUG:urllib3.connectionpool:Starting new HTTPS connection (1): api-gateway.instructure.com:443
DEBUG:urllib3.connectionpool:https://api-gateway.instructure.com:443 "GET /dap//job/c4c90ac7-1aee-4320-b37c-0a1aa3665cfd HTTP/1.1" 301 0
DEBUG:urllib3.connectionpool:https://api-gateway.instructure.com:443 "GET /dap/job/c4c90ac7-1aee-4320-b37c-0a1aa3665cfd HTTP/1.1" 200 116
INFO:root:Vent til fila blir tilgjengelig: https://api-gateway.instructure.com/dap/query/canvas/table/access_tokens/data/job/c4c90ac7-1aee-4320-b37c-0a1aa3665cfd
DEBUG:urllib3.connectionpool:Starting new HTTPS connection (1): api-gateway.instructure.com:443
DEBUG:urllib3.connectionpool:https://api-gateway.instructure.com:443 "GET /dap//job/c4c90ac7-1aee-4320-b37c-0a1aa3665cfd HTTP/1.1" 301 0
DEBUG:urllib3.connectionpool:https://api-gateway.instructure.com:443 "GET /dap/job/c4c90ac7-1aee-4320-b37c-0a1aa3665cfd HTTP/1.1" 200 116
INFO:root:Vent til fila blir tilgjengelig: https://api-gateway.instructure.com/dap/query/canvas/table/access_tokens/data/job/c4c90ac7-1aee-4320-b37c-0a1aa3665cfd
DEBUG:urllib3.connectionpool:Starting new HTTPS connection (1): api-gateway.instructure.com:443
DEBUG:urllib3.connectionpool:https://api-gateway.instructure.com:443 "GET /dap//job/c4c90ac7-1aee-4320-b37c-0a1aa3665cfd HTTP/1.1" 301 0
DEBUG:urllib3.connectionpool:https://api-gateway.instructure.com:443 "GET /dap/job/c4c90ac7-1aee-4320-b37c-0a1aa3665cfd HTTP/1.1" 200 116
INFO:root:Vent til fila blir tilgjengelig: https://api-gateway.instructure.com/dap/query/canvas/table/access_tokens/data/job/c4c90ac7-1aee-4320-b37c-0a1aa3665cfd
DEBUG:urllib3.connectionpool:Starting new HTTPS connection (1): api-gateway.instructure.com:443
DEBUG:urllib3.connectionpool:https://api-gateway.instructure.com:443 "GET /dap//job/c4c90ac7-1aee-4320-b37c-0a1aa3665cfd HTTP/1.1" 301 0
DEBUG:urllib3.connectionpool:https://api-gateway.instructure.com:443 "GET /dap/job/c4c90ac7-1aee-4320-b37c-0a1aa3665cfd HTTP/1.1" 200 116
INFO:root:Vent til fila blir tilgjengelig: https://api-gateway.instructure.com/dap/query/canvas/table/access_tokens/data/job/c4c90ac7-1aee-4320-b37c-0a1aa3665cfd
DEBUG:urllib3.connectionpool:Starting new HTTPS connection (1): api-gateway.instructure.com:443
DEBUG:urllib3.connectionpool:https://api-gateway.instructure.com:443 "GET /dap//job/c4c90ac7-1aee-4320-b37c-0a1aa3665cfd HTTP/1.1" 301 0
DEBUG:urllib3.connectionpool:https://api-gateway.instructure.com:443 "GET /dap/job/c4c90ac7-1aee-4320-b37c-0a1aa3665cfd HTTP/1.1" 200 116
INFO:root:Vent til fila blir tilgjengelig: https://api-gateway.instructure.com/dap/query/canvas/table/access_tokens/data/job/c4c90ac7-1aee-4320-b37c-0a1aa3665cfd
DEBUG:urllib3.connectionpool:Starting new HTTPS connection (1): api-gateway.instructure.com:443
DEBUG:urllib3.connectionpool:https://api-gateway.instructure.com:443 "GET /dap//job/c4c90ac7-1aee-4320-b37c-0a1aa3665cfd HTTP/1.1" 301 0
DEBUG:urllib3.connectionpool:https://api-gateway.instructure.com:443 "GET /dap/job/c4c90ac7-1aee-4320-b37c-0a1aa3665cfd HTTP/1.1" 200 116
INFO:root:Vent til fila blir tilgjengelig: https://api-gateway.instructure.com/dap/query/canvas/table/access_tokens/data/job/c4c90ac7-1aee-4320-b37c-0a1aa3665cfd
DEBUG:urllib3.connectionpool:Starting new HTTPS connection (1): api-gateway.instructure.com:443
DEBUG:urllib3.connectionpool:https://api-gateway.instructure.com:443 "GET /dap//job/c4c90ac7-1aee-4320-b37c-0a1aa3665cfd HTTP/1.1" 301 0
DEBUG:urllib3.connectionpool:https://api-gateway.instructure.com:443 "GET /dap/job/c4c90ac7-1aee-4320-b37c-0a1aa3665cfd HTTP/1.1" 200 116
INFO:root:Vent til fila blir tilgjengelig: https://api-gateway.instructure.com/dap/query/canvas/table/access_tokens/data/job/c4c90ac7-1aee-4320-b37c-0a1aa3665cfd
DEBUG:urllib3.connectionpool:Starting new HTTPS connection (1): api-gateway.instructure.com:443
DEBUG:urllib3.connectionpool:https://api-gateway.instructure.com:443 "GET /dap//job/c4c90ac7-1aee-4320-b37c-0a1aa3665cfd HTTP/1.1" 301 0
DEBUG:urllib3.connectionpool:https://api-gateway.instructure.com:443 "GET /dap/job/c4c90ac7-1aee-4320-b37c-0a1aa3665cfd HTTP/1.1" 200 116
INFO:root:Vent til fila blir tilgjengelig: https://api-gateway.instructure.com/dap/query/canvas/table/access_tokens/data/job/c4c90ac7-1aee-4320-b37c-0a1aa3665cfd
DEBUG:urllib3.connectionpool:Starting new HTTPS connection (1): api-gateway.instructure.com:443
DEBUG:urllib3.connectionpool:https://api-gateway.instructure.com:443 "GET /dap//job/c4c90ac7-1aee-4320-b37c-0a1aa3665cfd HTTP/1.1" 301 0
DEBUG:urllib3.connectionpool:https://api-gateway.instructure.com:443 "GET /dap/job/c4c90ac7-1aee-4320-b37c-0a1aa3665cfd HTTP/1.1" 200 116
INFO:root:Vent til fila blir tilgjengelig: https://api-gateway.instructure.com/dap/query/canvas/table/access_tokens/data/job/c4c90ac7-1aee-4320-b37c-0a1aa3665cfd
DEBUG:urllib3.connectionpool:Starting new HTTPS connection (1): api-gateway.instructure.com:443
DEBUG:urllib3.connectionpool:https://api-gateway.instructure.com:443 "GET /dap//job/c4c90ac7-1aee-4320-b37c-0a1aa3665cfd HTTP/1.1" 301 0
DEBUG:urllib3.connectionpool:https://api-gateway.instructure.com:443 "GET /dap/job/c4c90ac7-1aee-4320-b37c-0a1aa3665cfd HTTP/1.1" 200 116
INFO:root:Vent til fila blir tilgjengelig: https://api-gateway.instructure.com/dap/query/canvas/table/access_tokens/data/job/c4c90ac7-1aee-4320-b37c-0a1aa3665cfd
DEBUG:urllib3.connectionpool:Starting new HTTPS connection (1): api-gateway.instructure.com:443
DEBUG:urllib3.connectionpool:https://api-gateway.instructure.com:443 "GET /dap//job/c4c90ac7-1aee-4320-b37c-0a1aa3665cfd HTTP/1.1" 301 0
DEBUG:urllib3.connectionpool:https://api-gateway.instructure.com:443 "GET /dap/job/c4c90ac7-1aee-4320-b37c-0a1aa3665cfd HTTP/1.1" 200 116
INFO:root:Vent til fila blir tilgjengelig: https://api-gateway.instructure.com/dap/query/canvas/table/access_tokens/data/job/c4c90ac7-1aee-4320-b37c-0a1aa3665cfd
DEBUG:urllib3.connectionpool:Starting new HTTPS connection (1): api-gateway.instructure.com:443
DEBUG:urllib3.connectionpool:https://api-gateway.instructure.com:443 "GET /dap//job/c4c90ac7-1aee-4320-b37c-0a1aa3665cfd HTTP/1.1" 301 0
DEBUG:urllib3.connectionpool:https://api-gateway.instructure.com:443 "GET /dap/job/c4c90ac7-1aee-4320-b37c-0a1aa3665cfd HTTP/1.1" 200 116
INFO:root:Vent til fila blir tilgjengelig: https://api-gateway.instructure.com/dap/query/canvas/table/access_tokens/data/job/c4c90ac7-1aee-4320-b37c-0a1aa3665cfd
DEBUG:urllib3.connectionpool:Starting new HTTPS connection (1): api-gateway.instructure.com:443
DEBUG:urllib3.connectionpool:https://api-gateway.instructure.com:443 "GET /dap//job/c4c90ac7-1aee-4320-b37c-0a1aa3665cfd HTTP/1.1" 301 0
DEBUG:urllib3.connectionpool:https://api-gateway.instructure.com:443 "GET /dap/job/c4c90ac7-1aee-4320-b37c-0a1aa3665cfd HTTP/1.1" 200 116
INFO:root:Vent til fila blir tilgjengelig: https://api-gateway.instructure.com/dap/query/canvas/table/access_tokens/data/job/c4c90ac7-1aee-4320-b37c-0a1aa3665cfd
DEBUG:urllib3.connectionpool:Starting new HTTPS connection (1): api-gateway.instructure.com:443
DEBUG:urllib3.connectionpool:https://api-gateway.instructure.com:443 "GET /dap//job/c4c90ac7-1aee-4320-b37c-0a1aa3665cfd HTTP/1.1" 301 0
DEBUG:urllib3.connectionpool:https://api-gateway.instructure.com:443 "GET /dap/job/c4c90ac7-1aee-4320-b37c-0a1aa3665cfd HTTP/1.1" 200 116
INFO:root:Vent til fila blir tilgjengelig: https://api-gateway.instructure.com/dap/query/canvas/table/access_tokens/data/job/c4c90ac7-1aee-4320-b37c-0a1aa3665cfd
DEBUG:urllib3.connectionpool:Starting new HTTPS connection (1): api-gateway.instructure.com:443
DEBUG:urllib3.connectionpool:https://api-gateway.instructure.com:443 "GET /dap//job/c4c90ac7-1aee-4320-b37c-0a1aa3665cfd HTTP/1.1" 301 0
DEBUG:urllib3.connectionpool:https://api-gateway.instructure.com:443 "GET /dap/job/c4c90ac7-1aee-4320-b37c-0a1aa3665cfd HTTP/1.1" 200 116
INFO:root:Vent til fila blir tilgjengelig: https://api-gateway.instructure.com/dap/query/canvas/table/access_tokens/data/job/c4c90ac7-1aee-4320-b37c-0a1aa3665cfd
DEBUG:urllib3.connectionpool:Starting new HTTPS connection (1): api-gateway.instructure.com:443
DEBUG:urllib3.connectionpool:https://api-gateway.instructure.com:443 "GET /dap//job/c4c90ac7-1aee-4320-b37c-0a1aa3665cfd HTTP/1.1" 301 0
DEBUG:urllib3.connectionpool:https://api-gateway.instructure.com:443 "GET /dap/job/c4c90ac7-1aee-4320-b37c-0a1aa3665cfd HTTP/1.1" 200 116
INFO:root:Vent til fila blir tilgjengelig: https://api-gateway.instructure.com/dap/query/canvas/table/access_tokens/data/job/c4c90ac7-1aee-4320-b37c-0a1aa3665cfd
DEBUG:urllib3.connectionpool:Starting new HTTPS connection (1): api-gateway.instructure.com:443
DEBUG:urllib3.connectionpool:https://api-gateway.instructure.com:443 "GET /dap//job/c4c90ac7-1aee-4320-b37c-0a1aa3665cfd HTTP/1.1" 301 0
DEBUG:urllib3.connectionpool:https://api-gateway.instructure.com:443 "GET /dap/job/c4c90ac7-1aee-4320-b37c-0a1aa3665cfd HTTP/1.1" 200 116
INFO:root:Vent til fila blir tilgjengelig: https://api-gateway.instructure.com/dap/query/canvas/table/access_tokens/data/job/c4c90ac7-1aee-4320-b37c-0a1aa3665cfd
DEBUG:urllib3.connectionpool:Starting new HTTPS connection (1): api-gateway.instructure.com:443
DEBUG:urllib3.connectionpool:https://api-gateway.instructure.com:443 "GET /dap//job/c4c90ac7-1aee-4320-b37c-0a1aa3665cfd HTTP/1.1" 301 0
DEBUG:urllib3.connectionpool:https://api-gateway.instructure.com:443 "GET /dap/job/c4c90ac7-1aee-4320-b37c-0a1aa3665cfd HTTP/1.1" 200 116
INFO:root:Vent til fila blir tilgjengelig: https://api-gateway.instructure.com/dap/query/canvas/table/access_tokens/data/job/c4c90ac7-1aee-4320-b37c-0a1aa3665cfd
DEBUG:urllib3.connectionpool:Starting new HTTPS connection (1): api-gateway.instructure.com:443
DEBUG:urllib3.connectionpool:https://api-gateway.instructure.com:443 "GET /dap//job/c4c90ac7-1aee-4320-b37c-0a1aa3665cfd HTTP/1.1" 301 0
DEBUG:urllib3.connectionpool:https://api-gateway.instructure.com:443 "GET /dap/job/c4c90ac7-1aee-4320-b37c-0a1aa3665cfd HTTP/1.1" 200 116
INFO:root:Vent til fila blir tilgjengelig: https://api-gateway.instructure.com/dap/query/canvas/table/access_tokens/data/job/c4c90ac7-1aee-4320-b37c-0a1aa3665cfd
DEBUG:urllib3.connectionpool:Starting new HTTPS connection (1): api-gateway.instructure.com:443
DEBUG:urllib3.connectionpool:https://api-gateway.instructure.com:443 "GET /dap//job/c4c90ac7-1aee-4320-b37c-0a1aa3665cfd HTTP/1.1" 301 0
DEBUG:urllib3.connectionpool:https://api-gateway.instructure.com:443 "GET /dap/job/c4c90ac7-1aee-4320-b37c-0a1aa3665cfd HTTP/1.1" 200 116
INFO:root:Vent til fila blir tilgjengelig: https://api-gateway.instructure.com/dap/query/canvas/table/access_tokens/data/job/c4c90ac7-1aee-4320-b37c-0a1aa3665cfd
DEBUG:urllib3.connectionpool:Starting new HTTPS connection (1): api-gateway.instructure.com:443
DEBUG:urllib3.connectionpool:https://api-gateway.instructure.com:443 "GET /dap//job/c4c90ac7-1aee-4320-b37c-0a1aa3665cfd HTTP/1.1" 301 0
DEBUG:urllib3.connectionpool:https://api-gateway.instructure.com:443 "GET /dap/job/c4c90ac7-1aee-4320-b37c-0a1aa3665cfd HTTP/1.1" 200 116
INFO:root:Vent til fila blir tilgjengelig: https://api-gateway.instructure.com/dap/query/canvas/table/access_tokens/data/job/c4c90ac7-1aee-4320-b37c-0a1aa3665cfd
DEBUG:urllib3.connectionpool:Starting new HTTPS connection (1): api-gateway.instructure.com:443
DEBUG:urllib3.connectionpool:https://api-gateway.instructure.com:443 "GET /dap//job/c4c90ac7-1aee-4320-b37c-0a1aa3665cfd HTTP/1.1" 301 0
DEBUG:urllib3.connectionpool:https://api-gateway.instructure.com:443 "GET /dap/job/c4c90ac7-1aee-4320-b37c-0a1aa3665cfd HTTP/1.1" 200 116
INFO:root:Vent til fila blir tilgjengelig: https://api-gateway.instructure.com/dap/query/canvas/table/access_tokens/data/job/c4c90ac7-1aee-4320-b37c-0a1aa3665cfd
DEBUG:urllib3.connectionpool:Starting new HTTPS connection (1): api-gateway.instructure.com:443
DEBUG:urllib3.connectionpool:https://api-gateway.instructure.com:443 "GET /dap//job/c4c90ac7-1aee-4320-b37c-0a1aa3665cfd HTTP/1.1" 301 0
DEBUG:urllib3.connectionpool:https://api-gateway.instructure.com:443 "GET /dap/job/c4c90ac7-1aee-4320-b37c-0a1aa3665cfd HTTP/1.1" 200 116
INFO:root:Vent til fila blir tilgjengelig: https://api-gateway.instructure.com/dap/query/canvas/table/access_tokens/data/job/c4c90ac7-1aee-4320-b37c-0a1aa3665cfd
DEBUG:urllib3.connectionpool:Starting new HTTPS connection (1): api-gateway.instructure.com:443
DEBUG:urllib3.connectionpool:https://api-gateway.instructure.com:443 "GET /dap//job/c4c90ac7-1aee-4320-b37c-0a1aa3665cfd HTTP/1.1" 301 0
DEBUG:urllib3.connectionpool:https://api-gateway.instructure.com:443 "GET /dap/job/c4c90ac7-1aee-4320-b37c-0a1aa3665cfd HTTP/1.1" 200 116
INFO:root:Vent til fila blir tilgjengelig: https://api-gateway.instructure.com/dap/query/canvas/table/access_tokens/data/job/c4c90ac7-1aee-4320-b37c-0a1aa3665cfd
DEBUG:urllib3.connectionpool:Starting new HTTPS connection (1): api-gateway.instructure.com:443
DEBUG:urllib3.connectionpool:https://api-gateway.instructure.com:443 "GET /dap//job/c4c90ac7-1aee-4320-b37c-0a1aa3665cfd HTTP/1.1" 301 0
DEBUG:urllib3.connectionpool:https://api-gateway.instructure.com:443 "GET /dap/job/c4c90ac7-1aee-4320-b37c-0a1aa3665cfd HTTP/1.1" 200 116
INFO:root:Vent til fila blir tilgjengelig: https://api-gateway.instructure.com/dap/query/canvas/table/access_tokens/data/job/c4c90ac7-1aee-4320-b37c-0a1aa3665cfd
DEBUG:urllib3.connectionpool:Starting new HTTPS connection (1): api-gateway.instructure.com:443
DEBUG:urllib3.connectionpool:https://api-gateway.instructure.com:443 "GET /dap//job/c4c90ac7-1aee-4320-b37c-0a1aa3665cfd HTTP/1.1" 301 0
DEBUG:urllib3.connectionpool:https://api-gateway.instructure.com:443 "GET /dap/job/c4c90ac7-1aee-4320-b37c-0a1aa3665cfd HTTP/1.1" 200 348
INFO:root:Fila(ne) er tilgjengeleg(e): https://api-gateway.instructure.com/dap/query/canvas/table/access_tokens/data/job/c4c90ac7-1aee-4320-b37c-0a1aa3665cfd
INFO:root:Totalt for access_tokens_finn_filer: 168.34032219999972
DEBUG:urllib3.connectionpool:Starting new HTTPS connection (1): api-gateway.instructure.com:443
DEBUG:urllib3.connectionpool:https://api-gateway.instructure.com:443 "POST /dap/object/url HTTP/1.1" 200 None
DEBUG:urllib3.connectionpool:Starting new HTTPS connection (1): data-access-platform-output-prod-dub.s3.eu-west-1.amazonaws.com:443
DEBUG:urllib3.connectionpool:https://data-access-platform-output-prod-dub.s3.eu-west-1.amazonaws.com:443 "GET /output/rootAccountId%3DKjYXFlWyqIP306jMLrOxOE6QSU1S8oF5m5tfbXyd/queryId%3Dc4c90ac7-1aee-4320-b37c-0a1aa3665cfd/part-00000-11bb0cca-79e1-4652-bbef-e7592b4024c8-c000.csv.gz?X-Amz-Security-Token=IQoJb3JpZ2luX2VjEBYaCWV1LXdlc3QtMSJHMEUCIQC8YYum9%2BTzdabvSdIiw8isaFVFFkjZXqQo4a1sZ06rSQIgG8DDDLj5wb6easqGaa%2F5VOFUEWim%2FsR9%2BohtV0RTsCQqrQIIj%2F%2F%2F%2F%2F%2F%2F%2F%2F%2F%2FARADGgw1MzIyMDUzMDEzMzQiDPclb43vOzTpYQs6sCqBAveVKOJhMthDKly3kKOslk3KCc%2F70Udtu72QPsQybqD8%2F6f6Nzx3xg2FyejvXiSFd8aorux%2ByHHGKgczLU7G5Xp%2FGmOcPE9fK4YBOfMBYncc4K4SqtAwY8WF2X%2Bqo%2Bn2IMIUAkcDhX1uHxbWl4W4%2FdgP1ckC0JreacLIaFSgBlF5DER6yveRvhAWd4juW%2FMhn%2BkNh7xBqeWRxJAiwYJ4AeDBsVGUd%2BsSFaShSMTR1Uexd3Vu17Bt%2Fc%2FnZiMB2ra9o0dJaWsBYjx%2BWCHKBQSggpOwXxsw9%2F6qIq15%2BKXWlGBsj5yC09iw0EObw7Eqgp9zG%2BgI%2BlNx5WyUFUd1%2Fx3maMEhMOebjrkGOp0B6ssglM%2FxexWQ8PK4X2oSHmOh8VgCkaYWh7LkZLpsn5xHBbF4ZZLiuVkLlrzR%2F7zYosZSmOofDq5Z75lgJDAcLtNLXI0oon4lOEVa8Pa0P0g5czSZ3VcJ%2BhBm0QL9pYlWgoMESUefs7mqYZayRyEbiIub7CGn0br1p6qqkTJD%2B1KjxcUQls0KsEFuSoMMYZjFpguAyWZDOsJ%2FQmWpXA%3D%3D&X-Amz-Algorithm=AWS4-HMAC-SHA256&X-Amz-Date=20241031T140311Z&X-Amz-SignedHeaders=host&X-Amz-Expires=899&X-Amz-Credential=ASIAXX2PINZLKCLPMLEP%2F20241031%2Feu-west-1%2Fs3%2Faws4_request&X-Amz-Signature=ca93db661e07f50db561c8dba65bc600a201115cb7a2626c6f2c68839fa7f1a9 HTTP/1.1" 200 469
INFO:root:Totalt for access_tokens_les_filer: 1.0920566999993753
DEBUG:urllib3.connectionpool:Starting new HTTPS connection (1): api-gateway.instructure.com:443
DEBUG:urllib3.connectionpool:https://api-gateway.instructure.com:443 "POST /ids/auth/login HTTP/1.1" 200 None
INFO:root:Sender søk til https://api-gateway.instructure.com/dap/query/canvas/table/access_tokens/data
DEBUG:urllib3.connectionpool:Starting new HTTPS connection (1): api-gateway.instructure.com:443
DEBUG:urllib3.connectionpool:https://api-gateway.instructure.com:443 "POST /dap/query/canvas/table/access_tokens/data HTTP/1.1" 200 116
INFO:root:Vent til fila blir tilgjengelig: https://api-gateway.instructure.com/dap/query/canvas/table/access_tokens/data/job/d33ffc68-9727-4e73-baa9-17cffd04f08f
DEBUG:urllib3.connectionpool:Starting new HTTPS connection (1): api-gateway.instructure.com:443
DEBUG:urllib3.connectionpool:https://api-gateway.instructure.com:443 "GET /dap//job/d33ffc68-9727-4e73-baa9-17cffd04f08f HTTP/1.1" 301 0
DEBUG:urllib3.connectionpool:https://api-gateway.instructure.com:443 "GET /dap/job/d33ffc68-9727-4e73-baa9-17cffd04f08f HTTP/1.1" 200 116
INFO:root:Vent til fila blir tilgjengelig: https://api-gateway.instructure.com/dap/query/canvas/table/access_tokens/data/job/d33ffc68-9727-4e73-baa9-17cffd04f08f
DEBUG:urllib3.connectionpool:Starting new HTTPS connection (1): api-gateway.instructure.com:443
DEBUG:urllib3.connectionpool:https://api-gateway.instructure.com:443 "GET /dap//job/d33ffc68-9727-4e73-baa9-17cffd04f08f HTTP/1.1" 301 0
DEBUG:urllib3.connectionpool:https://api-gateway.instructure.com:443 "GET /dap/job/d33ffc68-9727-4e73-baa9-17cffd04f08f HTTP/1.1" 200 348
INFO:root:Fila(ne) er tilgjengeleg(e): https://api-gateway.instructure.com/dap/query/canvas/table/access_tokens/data/job/d33ffc68-9727-4e73-baa9-17cffd04f08f
INFO:root:Totalt for access_tokens_finn_filer: 12.101183500000843
DEBUG:urllib3.connectionpool:Starting new HTTPS connection (1): api-gateway.instructure.com:443
DEBUG:urllib3.connectionpool:https://api-gateway.instructure.com:443 "POST /dap/object/url HTTP/1.1" 200 None
DEBUG:urllib3.connectionpool:Starting new HTTPS connection (1): data-access-platform-output-prod-dub.s3.eu-west-1.amazonaws.com:443
DEBUG:urllib3.connectionpool:https://data-access-platform-output-prod-dub.s3.eu-west-1.amazonaws.com:443 "GET /output/rootAccountId%3DKjYXFlWyqIP306jMLrOxOE6QSU1S8oF5m5tfbXyd/queryId%3Dd33ffc68-9727-4e73-baa9-17cffd04f08f/part-00000-cbc1dbba-c1d1-4a35-98a4-3eebf6ea1f84-c000.csv.gz?X-Amz-Security-Token=IQoJb3JpZ2luX2VjEBYaCWV1LXdlc3QtMSJGMEQCIFlERoBzAVd%2F%2BaFD5U2myoCh8S5LixcRT2iUG9CJ6qs8AiAKKIjluijwCRTMrElUA0VwFKP1F%2FgeRPT4743p1aMByCqtAgiP%2F%2F%2F%2F%2F%2F%2F%2F%2F%2F8BEAMaDDUzMjIwNTMwMTMzNCIMCxxLPaOXMcseoNzHKoECSgcrurMmgGbEjgqx133MZGuMtilzUl4j1KacObxGDdtBm47ZB4Aiga824O%2FGNjh24k%2FolzZZb%2Fl0jIsSi72X7%2FlDYDvEyZPbeex8upz%2Bh1t%2F1ZSpu80WALr3fzu5%2FHyliTQ1HdHGX030azNSyjdFJ9TvjIuYJmt5z90p%2F9exzMQm4n8AnNa8IUuHGV9KeSOYnfFwWg81kHfoxLVr9y2RZWq2WFsjm1GEM5mz7sqizfsTdyjZehxV4Lz9F3aQhp%2FbXr9mK1Hnw7GtQkrjkDxIu%2FZvReIMoVhC%2BjGCDglHixxqBGkdm4N0z%2BZ%2Fi9bWsxRiQVUoyiU6d42C%2FQvDwztYymEw55uOuQY6ngEICto4zBLwpkl69j2b2Mxjtae3wbWLf90BO0nQlQb1%2FC8cw4uk%2BgvzZEz%2F3PfmhT27kVU67dv5HQHMCLhE2Qut%2FbY%2Fy%2BAybPTBHly1%2Bc5%2FeIlpVdi1d%2FIuTu%2BGzU%2BILZ9c27JDzDv3G%2Bh6nvpoELJxBOikCLPFoB67nUallmqlhFrIZFKmR%2FWMpD6SSkeMDsFzauLzafKc9n7IPdweEw%3D%3D&X-Amz-Algorithm=AWS4-HMAC-SHA256&X-Amz-Date=20241031T140652Z&X-Amz-SignedHeaders=host&X-Amz-Expires=899&X-Amz-Credential=ASIAXX2PINZLAFRB6L3Y%2F20241031%2Feu-west-1%2Fs3%2Faws4_request&X-Amz-Signature=ccefe1abcb049c0d2f6dce84eadf9c8de26a6a6be80b83fa4e08cbc476ee1f27 HTTP/1.1" 200 469
INFO:root:Totalt for access_tokens_les_filer: 0.790152700001272
