2024-11-27 15:43:43,080 - my_logger - DEBUG - Henta 13328 brukarar
2024-11-27 15:43:43,080 - my_logger - DEBUG - Skal hente history for 80958
2024-11-27 15:43:43,450 - my_logger - DEBUG - Laster opp 80958 | 2024-11-22T20:33:53Z | https://hvl.instructure.com/courses/30729/discussion_topics/372363?embed=true&session_timezone=Europe%2FOslo&session_locale=nb-NO&display=borderless | Discussion
2024-11-27 15:43:43,477 - my_logger - DEBUG - Laster opp 80958 | 2024-11-22T20:32:47Z | https://hvl.instructure.com/courses/30729/discussion_topics/373057?embed=true&session_timezone=Europe%2FOslo&session_locale=nb-NO&display=borderless | Discussion
2024-11-27 15:43:43,501 - my_logger - DEBUG - Laster opp 80958 | 2024-11-22T14:31:48Z | https://hvl.instructure.com/courses/12436 | Home
2024-11-27 15:43:43,526 - my_logger - DEBUG - Laster opp 80958 | 2024-11-21T17:49:04Z | https://hvl.instructure.com/courses/27006/pages/pyramidesoket?module_item_id=666739 | Page
2024-11-27 15:43:43,549 - my_logger - DEBUG - Laster opp 80958 | 2024-11-21T17:39:15Z | https://hvl.instructure.com/courses/27006/external_tools/retrieve?display=borderless&url=https%3A%2F%2Fhvl.h5p.com%2Fcontent%2F1291505894857343787 | App
2024-11-27 15:43:43,573 - my_logger - DEBUG - Laster opp 80958 | 2024-11-21T17:39:15Z | https://hvl.instructure.com/courses/27006/external_tools/retrieve?display=borderless&url=https%3A%2F%2Fhvl.h5p.com%2Fcontent%2F1291510161987618747 | App
2024-11-27 15:43:43,595 - my_logger - DEBUG - Laster opp 80958 | 2024-11-21T17:39:15Z | https://hvl.instructure.com/courses/27006/external_tools/retrieve?display=borderless&url=https%3A%2F%2Fhvl.h5p.com%2Fcontent%2F1291508293977864667 | App
2024-11-27 15:43:43,618 - my_logger - DEBUG - Laster opp 80958 | 2024-11-21T17:39:15Z | https://hvl.instructure.com/courses/27006/external_tools/retrieve?display=borderless&url=https%3A%2F%2Fhvl.h5p.com%2Fcontent%2F1291509199619298747 | App
2024-11-27 15:43:43,641 - my_logger - DEBUG - Laster opp 80958 | 2024-11-21T17:39:15Z | https://hvl.instructure.com/courses/27006/external_tools/retrieve?display=borderless&url=https%3A%2F%2Fhvl.h5p.com%2Fcontent%2F1291232772932778417 | App
2024-11-27 15:43:43,664 - my_logger - DEBUG - Laster opp 80958 | 2024-11-21T17:39:15Z | https://hvl.instructure.com/courses/27006/external_tools/retrieve?display=borderless&url=https%3A%2F%2Fhvl.h5p.com%2Fcontent%2F1291509190873592687 | App
2024-11-27 15:43:43,688 - my_logger - DEBUG - Laster opp 80958 | 2024-11-21T17:39:15Z | https://hvl.instructure.com/courses/27006/external_tools/retrieve?display=borderless&url=https%3A%2F%2Fhvl.h5p.com%2Fcontent%2F1291509502292742827 | App
2024-11-27 15:43:43,711 - my_logger - DEBUG - Laster opp 80958 | 2024-11-21T17:39:15Z | https://hvl.instructure.com/courses/27006/external_tools/retrieve?display=borderless&url=https%3A%2F%2Fhvl.h5p.com%2Fcontent%2F1291509182045729087 | App
2024-11-27 15:43:43,735 - my_logger - DEBUG - Laster opp 80958 | 2024-11-21T17:39:15Z | https://hvl.instructure.com/courses/27006/external_tools/retrieve?display=borderless&url=https%3A%2F%2Fhvl.h5p.com%2Fcontent%2F1291509491123530307 | App
2024-11-27 15:43:43,758 - my_logger - DEBUG - Laster opp 80958 | 2024-11-21T17:39:15Z | https://hvl.instructure.com/courses/27006/external_tools/retrieve?display=borderless&url=https%3A%2F%2Fhvl.h5p.com%2Fcontent%2F1291516085834362307 | App
2024-11-27 15:43:43,781 - my_logger - DEBUG - Laster opp 80958 | 2024-11-21T17:39:15Z | https://hvl.instructure.com/courses/27006/external_tools/retrieve?display=borderless&url=https%3A%2F%2Fhvl.h5p.com%2Fcontent%2F1291516059408092967 | App
2024-11-27 15:43:43,805 - my_logger - DEBUG - Laster opp 80958 | 2024-11-21T17:39:15Z | https://hvl.instructure.com/courses/27006/external_tools/retrieve?display=borderless&url=https%3A%2F%2Fhvl.h5p.com%2Fcontent%2F1291516078203552107 | App
2024-11-27 15:43:43,830 - my_logger - DEBUG - Laster opp 80958 | 2024-11-21T17:39:15Z | https://hvl.instructure.com/courses/27006/external_tools/retrieve?display=borderless&url=https%3A%2F%2Fhvl.h5p.com%2Fcontent%2F1291510861362418177 | App
2024-11-27 15:43:43,853 - my_logger - DEBUG - Laster opp 80958 | 2024-11-21T17:39:15Z | https://hvl.instructure.com/courses/27006/external_tools/retrieve?display=borderless&url=https%3A%2F%2Fhvl.h5p.com%2Fcontent%2F1291516118421747087 | App
2024-11-27 15:43:43,877 - my_logger - DEBUG - Laster opp 80958 | 2024-11-21T17:39:15Z | https://hvl.instructure.com/courses/27006/external_tools/retrieve?display=borderless&url=https%3A%2F%2Fhvl.h5p.com%2Fcontent%2F1291510191521783757 | App
2024-11-27 15:43:43,900 - my_logger - DEBUG - Laster opp 80958 | 2024-11-21T17:39:15Z | https://hvl.instructure.com/courses/27006/external_tools/retrieve?display=borderless&url=https%3A%2F%2Fhvl.h5p.com%2Fcontent%2F1291510181364306867 | App
2024-11-27 15:43:43,924 - my_logger - DEBUG - Laster opp 80958 | 2024-11-21T17:39:15Z | https://hvl.instructure.com/courses/27006/external_tools/retrieve?display=borderless&url=https%3A%2F%2Fhvl.h5p.com%2Fcontent%2F1291509165418080287 | App
2024-11-27 15:43:43,951 - my_logger - DEBUG - Laster opp 80958 | 2024-11-21T17:39:11Z | https://hvl.instructure.com/courses/27006/pages/profesjonsspesifikke-oppgaver-om-sokestrategi?module_item_id=666738 | Page
2024-11-27 15:43:43,973 - my_logger - DEBUG - Laster opp 80958 | 2024-11-21T17:38:56Z | https://hvl.instructure.com/courses/27006/external_tools/retrieve?display=borderless&url=https%3A%2F%2Fhvl.h5p.com%2Fcontent%2F1291516059408092967 | App
2024-11-27 15:43:43,996 - my_logger - DEBUG - Laster opp 80958 | 2024-11-21T17:38:56Z | https://hvl.instructure.com/courses/27006/external_tools/retrieve?display=borderless&url=https%3A%2F%2Fhvl.h5p.com%2Fcontent%2F1291509491123530307 | App
2024-11-27 15:43:44,020 - my_logger - DEBUG - Laster opp 80958 | 2024-11-21T17:38:56Z | https://hvl.instructure.com/courses/27006/external_tools/retrieve?display=borderless&url=https%3A%2F%2Fhvl.h5p.com%2Fcontent%2F1291508293977864667 | App
2024-11-27 15:43:44,043 - my_logger - DEBUG - Laster opp 80958 | 2024-11-21T17:38:56Z | https://hvl.instructure.com/courses/27006/external_tools/retrieve?display=borderless&url=https%3A%2F%2Fhvl.h5p.com%2Fcontent%2F1291232772932778417 | App
2024-11-27 15:43:44,066 - my_logger - DEBUG - Laster opp 80958 | 2024-11-21T17:38:56Z | https://hvl.instructure.com/courses/27006/external_tools/retrieve?display=borderless&url=https%3A%2F%2Fhvl.h5p.com%2Fcontent%2F1291510861362418177 | App
2024-11-27 15:43:44,089 - my_logger - DEBUG - Laster opp 80958 | 2024-11-21T17:38:56Z | https://hvl.instructure.com/courses/27006/external_tools/retrieve?display=borderless&url=https%3A%2F%2Fhvl.h5p.com%2Fcontent%2F1291510181364306867 | App
2024-11-27 15:43:44,111 - my_logger - DEBUG - Laster opp 80958 | 2024-11-21T17:38:56Z | https://hvl.instructure.com/courses/27006/external_tools/retrieve?display=borderless&url=https%3A%2F%2Fhvl.h5p.com%2Fcontent%2F1291510161987618747 | App
2024-11-27 15:43:44,135 - my_logger - DEBUG - Laster opp 80958 | 2024-11-21T17:38:56Z | https://hvl.instructure.com/courses/27006/external_tools/retrieve?display=borderless&url=https%3A%2F%2Fhvl.h5p.com%2Fcontent%2F1291516078203552107 | App
2024-11-27 15:43:44,158 - my_logger - DEBUG - Laster opp 80958 | 2024-11-21T17:38:56Z | https://hvl.instructure.com/courses/27006/external_tools/retrieve?display=borderless&url=https%3A%2F%2Fhvl.h5p.com%2Fcontent%2F1291509190873592687 | App
2024-11-27 15:43:44,182 - my_logger - DEBUG - Laster opp 80958 | 2024-11-21T17:38:56Z | https://hvl.instructure.com/courses/27006/external_tools/retrieve?display=borderless&url=https%3A%2F%2Fhvl.h5p.com%2Fcontent%2F1291509199619298747 | App
2024-11-27 15:43:44,209 - my_logger - DEBUG - Laster opp 80958 | 2024-11-21T17:38:56Z | https://hvl.instructure.com/courses/27006/external_tools/retrieve?display=borderless&url=https%3A%2F%2Fhvl.h5p.com%2Fcontent%2F1291509502292742827 | App
2024-11-27 15:43:44,233 - my_logger - DEBUG - Laster opp 80958 | 2024-11-21T17:38:56Z | https://hvl.instructure.com/courses/27006/external_tools/retrieve?display=borderless&url=https%3A%2F%2Fhvl.h5p.com%2Fcontent%2F1291510191521783757 | App
2024-11-27 15:43:44,257 - my_logger - DEBUG - Laster opp 80958 | 2024-11-21T17:38:56Z | https://hvl.instructure.com/courses/27006/external_tools/retrieve?display=borderless&url=https%3A%2F%2Fhvl.h5p.com%2Fcontent%2F1291509165418080287 | App
2024-11-27 15:43:44,281 - my_logger - DEBUG - Laster opp 80958 | 2024-11-21T17:38:56Z | https://hvl.instructure.com/courses/27006/external_tools/retrieve?display=borderless&url=https%3A%2F%2Fhvl.h5p.com%2Fcontent%2F1291516118421747087 | App
2024-11-27 15:43:44,305 - my_logger - DEBUG - Laster opp 80958 | 2024-11-21T17:38:56Z | https://hvl.instructure.com/courses/27006/external_tools/retrieve?display=borderless&url=https%3A%2F%2Fhvl.h5p.com%2Fcontent%2F1291516085834362307 | App
2024-11-27 15:43:44,330 - my_logger - DEBUG - Laster opp 80958 | 2024-11-21T17:38:56Z | https://hvl.instructure.com/courses/27006/external_tools/retrieve?display=borderless&url=https%3A%2F%2Fhvl.h5p.com%2Fcontent%2F1291505894857343787 | App
2024-11-27 15:43:44,356 - my_logger - DEBUG - Laster opp 80958 | 2024-11-21T17:38:56Z | https://hvl.instructure.com/courses/27006/external_tools/retrieve?display=borderless&url=https%3A%2F%2Fhvl.h5p.com%2Fcontent%2F1291509182045729087 | App
2024-11-27 15:43:44,453 - my_logger - DEBUG - Laster opp 80958 | 2024-11-21T17:38:56Z | https://hvl.instructure.com/courses/27006/external_tools/retrieve?display=borderless&url=https%3A%2F%2Fhvl.h5p.com%2Fcontent%2F1291516085834362307 | App
2024-11-27 15:43:44,508 - my_logger - DEBUG - Laster opp 80958 | 2024-11-21T17:38:56Z | https://hvl.instructure.com/courses/27006/external_tools/retrieve?display=borderless&url=https%3A%2F%2Fhvl.h5p.com%2Fcontent%2F1291509165418080287 | App
2024-11-27 15:43:44,536 - my_logger - DEBUG - Laster opp 80958 | 2024-11-21T17:38:56Z | https://hvl.instructure.com/courses/27006/external_tools/retrieve?display=borderless&url=https%3A%2F%2Fhvl.h5p.com%2Fcontent%2F1291508293977864667 | App
2024-11-27 15:43:44,560 - my_logger - DEBUG - Laster opp 80958 | 2024-11-21T17:38:56Z | https://hvl.instructure.com/courses/27006/external_tools/retrieve?display=borderless&url=https%3A%2F%2Fhvl.h5p.com%2Fcontent%2F1291232772932778417 | App
2024-11-27 15:43:44,584 - my_logger - DEBUG - Laster opp 80958 | 2024-11-21T17:38:56Z | https://hvl.instructure.com/courses/27006/external_tools/retrieve?display=borderless&url=https%3A%2F%2Fhvl.h5p.com%2Fcontent%2F1291509491123530307 | App
2024-11-27 15:43:44,607 - my_logger - DEBUG - Laster opp 80958 | 2024-11-21T17:38:56Z | https://hvl.instructure.com/courses/27006/external_tools/retrieve?display=borderless&url=https%3A%2F%2Fhvl.h5p.com%2Fcontent%2F1291516078203552107 | App
2024-11-27 15:43:44,631 - my_logger - DEBUG - Laster opp 80958 | 2024-11-21T17:38:56Z | https://hvl.instructure.com/courses/27006/external_tools/retrieve?display=borderless&url=https%3A%2F%2Fhvl.h5p.com%2Fcontent%2F1291510861362418177 | App
2024-11-27 15:43:44,656 - my_logger - DEBUG - Laster opp 80958 | 2024-11-21T17:38:56Z | https://hvl.instructure.com/courses/27006/external_tools/retrieve?display=borderless&url=https%3A%2F%2Fhvl.h5p.com%2Fcontent%2F1291516059408092967 | App
2024-11-27 15:43:44,680 - my_logger - DEBUG - Laster opp 80958 | 2024-11-21T17:38:56Z | https://hvl.instructure.com/courses/27006/external_tools/retrieve?display=borderless&url=https%3A%2F%2Fhvl.h5p.com%2Fcontent%2F1291509182045729087 | App
2024-11-27 15:43:44,705 - my_logger - DEBUG - Skal hente history for 94844
2024-11-27 15:44:05,043 - my_logger - DEBUG - Laster opp 94844 | 2024-11-21T10:53:24Z | https://hvl.instructure.com/courses/30729/external_tools/55 | App
2024-11-27 15:44:05,066 - my_logger - DEBUG - Laster opp 94844 | 2024-11-21T08:21:14Z | https://hvl.instructure.com/courses/30729/external_tools/55 | App
2024-11-27 15:44:05,089 - my_logger - DEBUG - Laster opp 94844 | 2024-11-21T07:07:26Z | https://hvl.instructure.com/courses/30729/external_tools/55 | App
2024-11-27 15:44:05,113 - my_logger - DEBUG - Laster opp 94844 | 2024-11-20T17:22:50Z | https://hvl.instructure.com/courses/30729/external_tools/55 | App
2024-11-27 15:44:05,137 - my_logger - DEBUG - Laster opp 94844 | 2024-11-20T13:57:33Z | https://hvl.instructure.com/courses/30729/external_tools/55 | App
2024-11-27 15:44:05,160 - my_logger - DEBUG - Laster opp 94844 | 2024-11-20T12:18:46Z | https://hvl.instructure.com/courses/30729/external_tools/55 | App
2024-11-27 15:44:05,184 - my_logger - DEBUG - Laster opp 94844 | 2024-11-20T10:35:26Z | https://hvl.instructure.com/courses/30729/external_tools/55 | App
2024-11-27 15:44:05,207 - my_logger - DEBUG - Laster opp 94844 | 2024-11-19T07:39:43Z | https://hvl.instructure.com/courses/30729/external_tools/55 | App
2024-11-27 15:44:05,231 - my_logger - DEBUG - Laster opp 94844 | 2024-11-18T10:46:26Z | https://hvl.instructure.com/courses/30729/external_tools/55 | App
2024-11-27 15:44:05,254 - my_logger - DEBUG - Laster opp 94844 | 2024-11-18T08:04:00Z | https://hvl.instructure.com/courses/30729/external_tools/55 | App
2024-11-27 15:44:05,278 - my_logger - DEBUG - Laster opp 94844 | 2024-11-18T07:30:28Z | https://hvl.instructure.com/courses/30729 | Home
2024-11-27 15:44:05,301 - my_logger - DEBUG - Laster opp 94844 | 2024-11-18T07:25:54Z | https://hvl.instructure.com/courses/25017 | Home
2024-11-27 15:44:05,325 - my_logger - DEBUG - Laster opp 94844 | 2024-11-15T11:20:20Z | https://hvl.instructure.com/courses/5235 | Home
2024-11-27 15:44:05,349 - my_logger - DEBUG - Laster opp 94844 | 2024-11-15T11:20:01Z | https://hvl.instructure.com/courses/30729/external_tools/55 | App
2024-11-27 15:44:05,372 - my_logger - DEBUG - Laster opp 94844 | 2024-11-14T07:55:40Z | https://hvl.instructure.com/courses/30729/external_tools/55 | App
2024-11-27 15:44:05,396 - my_logger - DEBUG - Laster opp 94844 | 2024-11-13T08:57:02Z | https://hvl.instructure.com/courses/30729/external_tools/55 | App
2024-11-27 15:44:05,419 - my_logger - DEBUG - Laster opp 94844 | 2024-11-13T07:55:44Z | https://hvl.instructure.com/courses/30729/external_tools/55 | App
2024-11-27 15:44:05,443 - my_logger - DEBUG - Laster opp 94844 | 2024-11-13T07:39:42Z | https://hvl.instructure.com/courses/30729/files/3075297?module_item_id=870159 | File
2024-11-27 15:44:05,471 - my_logger - DEBUG - Laster opp 94844 | 2024-11-13T07:39:21Z | https://hvl.instructure.com/courses/30729/modules | Module
2024-11-27 15:44:05,495 - my_logger - DEBUG - Laster opp 94844 | 2024-11-13T07:39:14Z | https://hvl.instructure.com/courses/30729 | Home
2024-11-27 15:44:05,518 - my_logger - DEBUG - Laster opp 94844 | 2024-11-13T07:37:07Z | https://hvl.instructure.com/courses/5235/modules/items/780275 | 
2024-11-27 15:44:05,542 - my_logger - DEBUG - Skal hente history for 94840
2024-11-27 15:44:05,876 - my_logger - DEBUG - Laster opp 94840 | 2024-11-22T18:03:59Z | https://hvl.instructure.com/courses/30729/discussion_topics/373057?embed=true&session_timezone=Europe%2FOslo&session_locale=nb-NO&display=borderless | Discussion
2024-11-27 15:44:05,899 - my_logger - DEBUG - Laster opp 94840 | 2024-11-21T19:01:06Z | https://hvl.instructure.com/courses/27006/external_tools/retrieve?display=borderless&url=https%3A%2F%2Fhvl.h5p.com%2Fcontent%2F1290812762909255467 | App
2024-11-27 15:44:05,923 - my_logger - DEBUG - Laster opp 94840 | 2024-11-21T19:01:06Z | https://hvl.instructure.com/courses/27006/external_tools/retrieve?display=borderless&url=https%3A%2F%2Fhvl.h5p.com%2Fcontent%2F1290812762160575187 | App
2024-11-27 15:44:05,946 - my_logger - DEBUG - Laster opp 94840 | 2024-11-21T19:01:06Z | https://hvl.instructure.com/courses/27006/external_tools/retrieve?display=borderless&url=https%3A%2F%2Fhvl.h5p.com%2Fcontent%2F1290812760981086297 | App
2024-11-27 15:44:05,970 - my_logger - DEBUG - Laster opp 94840 | 2024-11-21T19:01:06Z | https://hvl.instructure.com/courses/27006/external_tools/retrieve?display=borderless&url=https%3A%2F%2Fhvl.h5p.com%2Fcontent%2F1290812761777737187 | App
2024-11-27 15:44:05,996 - my_logger - DEBUG - Laster opp 94840 | 2024-11-21T19:01:06Z | https://hvl.instructure.com/courses/27006/external_tools/retrieve?display=borderless&url=https%3A%2F%2Fhvl.h5p.com%2Fcontent%2F1290812762568727007 | App
2024-11-27 15:44:06,024 - my_logger - DEBUG - Laster opp 94840 | 2024-11-21T19:01:06Z | https://hvl.instructure.com/courses/27006/external_tools/retrieve?display=borderless&url=https%3A%2F%2Fhvl.h5p.com%2Fcontent%2F1290812761381034867 | App
2024-11-27 15:44:06,047 - my_logger - DEBUG - Laster opp 94840 | 2024-11-21T19:01:06Z | https://hvl.instructure.com/courses/27006/external_tools/retrieve?display=borderless&url=https%3A%2F%2Fhvl.h5p.com%2Fcontent%2F1290812760609951657 | App
2024-11-27 15:44:06,071 - my_logger - DEBUG - Laster opp 94840 | 2024-11-21T19:01:06Z | https://hvl.instructure.com/courses/27006/external_tools/retrieve?display=borderless&url=https%3A%2F%2Fhvl.h5p.com%2Fcontent%2F1290812756921969317 | App
2024-11-27 15:44:06,094 - my_logger - DEBUG - Laster opp 94840 | 2024-11-21T19:01:06Z | https://hvl.instructure.com/courses/27006/external_tools/retrieve?display=borderless&url=https%3A%2F%2Fhvl.h5p.com%2Fcontent%2F1290812759313060177 | App
2024-11-27 15:44:06,119 - my_logger - DEBUG - Laster opp 94840 | 2024-11-21T19:01:06Z | https://hvl.instructure.com/courses/27006/external_tools/retrieve?display=borderless&url=https%3A%2F%2Fhvl.h5p.com%2Fcontent%2F1290812757650000727 | App
2024-11-27 15:44:06,144 - my_logger - DEBUG - Laster opp 94840 | 2024-11-21T19:01:06Z | https://hvl.instructure.com/courses/27006/external_tools/retrieve?display=borderless&url=https%3A%2F%2Fhvl.h5p.com%2Fcontent%2F1290812760225270557 | App
2024-11-27 15:44:06,170 - my_logger - DEBUG - Laster opp 94840 | 2024-11-21T19:01:06Z | https://hvl.instructure.com/courses/27006/external_tools/retrieve?display=borderless&url=https%3A%2F%2Fhvl.h5p.com%2Fcontent%2F1290812756453364327 | App
2024-11-27 15:44:06,194 - my_logger - DEBUG - Laster opp 94840 | 2024-11-21T19:01:06Z | https://hvl.instructure.com/courses/27006/external_tools/retrieve?display=borderless&url=https%3A%2F%2Fhvl.h5p.com%2Fcontent%2F1290812758339282837 | App
2024-11-27 15:44:06,217 - my_logger - DEBUG - Laster opp 94840 | 2024-11-21T19:01:06Z | https://hvl.instructure.com/courses/27006/external_tools/retrieve?display=borderless&url=https%3A%2F%2Fhvl.h5p.com%2Fcontent%2F1290812758833494077 | App
2024-11-27 15:44:06,241 - my_logger - DEBUG - Laster opp 94840 | 2024-11-21T19:01:06Z | https://hvl.instructure.com/courses/27006/external_tools/retrieve?display=borderless&url=https%3A%2F%2Fhvl.h5p.com%2Fcontent%2F1290812762568727007 | App
2024-11-27 15:44:06,264 - my_logger - DEBUG - Laster opp 94840 | 2024-11-21T19:01:06Z | https://hvl.instructure.com/courses/27006/external_tools/retrieve?display=borderless&url=https%3A%2F%2Fhvl.h5p.com%2Fcontent%2F1290812762909255467 | App
2024-11-27 15:44:06,287 - my_logger - DEBUG - Laster opp 94840 | 2024-11-21T19:01:06Z | https://hvl.instructure.com/courses/27006/external_tools/retrieve?display=borderless&url=https%3A%2F%2Fhvl.h5p.com%2Fcontent%2F1290812762160575187 | App
2024-11-27 15:44:06,310 - my_logger - DEBUG - Laster opp 94840 | 2024-11-21T19:01:06Z | https://hvl.instructure.com/courses/27006/external_tools/retrieve?display=borderless&url=https%3A%2F%2Fhvl.h5p.com%2Fcontent%2F1290812760609951657 | App
2024-11-27 15:44:06,333 - my_logger - DEBUG - Laster opp 94840 | 2024-11-21T19:01:06Z | https://hvl.instructure.com/courses/27006/external_tools/retrieve?display=borderless&url=https%3A%2F%2Fhvl.h5p.com%2Fcontent%2F1290812761381034867 | App
2024-11-27 15:44:06,357 - my_logger - DEBUG - Laster opp 94840 | 2024-11-21T19:01:06Z | https://hvl.instructure.com/courses/27006/external_tools/retrieve?display=borderless&url=https%3A%2F%2Fhvl.h5p.com%2Fcontent%2F1290812760981086297 | App
2024-11-27 15:44:06,380 - my_logger - DEBUG - Laster opp 94840 | 2024-11-21T19:01:06Z | https://hvl.instructure.com/courses/27006/external_tools/retrieve?display=borderless&url=https%3A%2F%2Fhvl.h5p.com%2Fcontent%2F1290812761777737187 | App
2024-11-27 15:44:06,405 - my_logger - DEBUG - Laster opp 94840 | 2024-11-21T19:01:06Z | https://hvl.instructure.com/courses/27006/external_tools/retrieve?display=borderless&url=https%3A%2F%2Fhvl.h5p.com%2Fcontent%2F1290812756921969317 | App
2024-11-27 15:44:06,428 - my_logger - DEBUG - Laster opp 94840 | 2024-11-21T19:01:06Z | https://hvl.instructure.com/courses/27006/external_tools/retrieve?display=borderless&url=https%3A%2F%2Fhvl.h5p.com%2Fcontent%2F1290812758339282837 | App
2024-11-27 15:44:06,452 - my_logger - DEBUG - Laster opp 94840 | 2024-11-21T19:01:06Z | https://hvl.instructure.com/courses/27006/external_tools/retrieve?display=borderless&url=https%3A%2F%2Fhvl.h5p.com%2Fcontent%2F1290812760225270557 | App
2024-11-27 15:44:06,477 - my_logger - DEBUG - Laster opp 94840 | 2024-11-21T19:01:06Z | https://hvl.instructure.com/courses/27006/external_tools/retrieve?display=borderless&url=https%3A%2F%2Fhvl.h5p.com%2Fcontent%2F1290812759313060177 | App
2024-11-27 15:44:06,501 - my_logger - DEBUG - Laster opp 94840 | 2024-11-21T19:01:06Z | https://hvl.instructure.com/courses/27006/external_tools/retrieve?display=borderless&url=https%3A%2F%2Fhvl.h5p.com%2Fcontent%2F1290812758833494077 | App
2024-11-27 15:44:06,524 - my_logger - DEBUG - Laster opp 94840 | 2024-11-21T19:01:06Z | https://hvl.instructure.com/courses/27006/external_tools/retrieve?display=borderless&url=https%3A%2F%2Fhvl.h5p.com%2Fcontent%2F1290812757650000727 | App
2024-11-27 15:44:06,551 - my_logger - DEBUG - Laster opp 94840 | 2024-11-21T19:01:06Z | https://hvl.instructure.com/courses/27006/external_tools/retrieve?display=borderless&url=https%3A%2F%2Fhvl.h5p.com%2Fcontent%2F1290812756453364327 | App
2024-11-27 15:44:06,575 - my_logger - DEBUG - Laster opp 94840 | 2024-11-21T19:01:04Z | https://hvl.instructure.com/courses/27006/pages/profesjonsspesifikk-oppgave-identifiser-type-kjernesporsmal-og-best-egnet-design?module_item_id=666726 | Page
2024-11-27 15:44:06,598 - my_logger - DEBUG - Laster opp 94840 | 2024-11-21T13:19:59Z | https://hvl.instructure.com/courses/27006/external_tools/retrieve?display=borderless&url=https%3A%2F%2Fhvl.h5p.com%2Fcontent%2F1290812759313060177 | App
2024-11-27 15:44:06,623 - my_logger - DEBUG - Laster opp 94840 | 2024-11-21T13:19:59Z | https://hvl.instructure.com/courses/27006/external_tools/retrieve?display=borderless&url=https%3A%2F%2Fhvl.h5p.com%2Fcontent%2F1290812762909255467 | App
2024-11-27 15:44:06,647 - my_logger - DEBUG - Laster opp 94840 | 2024-11-21T13:19:59Z | https://hvl.instructure.com/courses/27006/external_tools/retrieve?display=borderless&url=https%3A%2F%2Fhvl.h5p.com%2Fcontent%2F1290812758833494077 | App
2024-11-27 15:44:06,671 - my_logger - DEBUG - Laster opp 94840 | 2024-11-21T13:19:59Z | https://hvl.instructure.com/courses/27006/external_tools/retrieve?display=borderless&url=https%3A%2F%2Fhvl.h5p.com%2Fcontent%2F1290812756453364327 | App
2024-11-27 15:44:06,694 - my_logger - DEBUG - Laster opp 94840 | 2024-11-21T13:19:59Z | https://hvl.instructure.com/courses/27006/external_tools/retrieve?display=borderless&url=https%3A%2F%2Fhvl.h5p.com%2Fcontent%2F1290812760609951657 | App
2024-11-27 15:44:06,718 - my_logger - DEBUG - Laster opp 94840 | 2024-11-21T13:19:59Z | https://hvl.instructure.com/courses/27006/external_tools/retrieve?display=borderless&url=https%3A%2F%2Fhvl.h5p.com%2Fcontent%2F1290812762568727007 | App
2024-11-27 15:44:06,742 - my_logger - DEBUG - Laster opp 94840 | 2024-11-21T13:19:59Z | https://hvl.instructure.com/courses/27006/external_tools/retrieve?display=borderless&url=https%3A%2F%2Fhvl.h5p.com%2Fcontent%2F1290812762160575187 | App
2024-11-27 15:44:06,766 - my_logger - DEBUG - Laster opp 94840 | 2024-11-21T13:19:59Z | https://hvl.instructure.com/courses/27006/external_tools/retrieve?display=borderless&url=https%3A%2F%2Fhvl.h5p.com%2Fcontent%2F1290812760225270557 | App
2024-11-27 15:44:06,789 - my_logger - DEBUG - Laster opp 94840 | 2024-11-21T13:19:59Z | https://hvl.instructure.com/courses/27006/external_tools/retrieve?display=borderless&url=https%3A%2F%2Fhvl.h5p.com%2Fcontent%2F1290812761381034867 | App
2024-11-27 15:44:06,813 - my_logger - DEBUG - Laster opp 94840 | 2024-11-21T13:19:59Z | https://hvl.instructure.com/courses/27006/external_tools/retrieve?display=borderless&url=https%3A%2F%2Fhvl.h5p.com%2Fcontent%2F1290812757650000727 | App
2024-11-27 15:44:06,838 - my_logger - DEBUG - Laster opp 94840 | 2024-11-21T13:19:59Z | https://hvl.instructure.com/courses/27006/external_tools/retrieve?display=borderless&url=https%3A%2F%2Fhvl.h5p.com%2Fcontent%2F1290812756921969317 | App
2024-11-27 15:44:06,862 - my_logger - DEBUG - Laster opp 94840 | 2024-11-21T13:19:59Z | https://hvl.instructure.com/courses/27006/external_tools/retrieve?display=borderless&url=https%3A%2F%2Fhvl.h5p.com%2Fcontent%2F1290812761777737187 | App
2024-11-27 15:44:06,888 - my_logger - DEBUG - Laster opp 94840 | 2024-11-21T13:19:59Z | https://hvl.instructure.com/courses/27006/external_tools/retrieve?display=borderless&url=https%3A%2F%2Fhvl.h5p.com%2Fcontent%2F1290812758339282837 | App
2024-11-27 15:44:06,914 - my_logger - DEBUG - Laster opp 94840 | 2024-11-21T13:19:59Z | https://hvl.instructure.com/courses/27006/external_tools/retrieve?display=borderless&url=https%3A%2F%2Fhvl.h5p.com%2Fcontent%2F1290812760981086297 | App
2024-11-27 15:44:06,939 - my_logger - DEBUG - Laster opp 94840 | 2024-11-21T13:19:59Z | https://hvl.instructure.com/courses/27006/external_tools/retrieve?display=borderless&url=https%3A%2F%2Fhvl.h5p.com%2Fcontent%2F1290812762160575187 | App
2024-11-27 15:44:06,962 - my_logger - DEBUG - Laster opp 94840 | 2024-11-21T13:19:59Z | https://hvl.instructure.com/courses/27006/external_tools/retrieve?display=borderless&url=https%3A%2F%2Fhvl.h5p.com%2Fcontent%2F1290812762909255467 | App
2024-11-27 15:44:06,986 - my_logger - DEBUG - Laster opp 94840 | 2024-11-21T13:19:59Z | https://hvl.instructure.com/courses/27006/external_tools/retrieve?display=borderless&url=https%3A%2F%2Fhvl.h5p.com%2Fcontent%2F1290812762568727007 | App
2024-11-27 15:44:07,010 - my_logger - DEBUG - Laster opp 94840 | 2024-11-21T13:19:59Z | https://hvl.instructure.com/courses/27006/external_tools/retrieve?display=borderless&url=https%3A%2F%2Fhvl.h5p.com%2Fcontent%2F1290812760981086297 | App
2024-11-27 15:44:07,034 - my_logger - DEBUG - Laster opp 94840 | 2024-11-21T13:19:59Z | https://hvl.instructure.com/courses/27006/external_tools/retrieve?display=borderless&url=https%3A%2F%2Fhvl.h5p.com%2Fcontent%2F1290812760225270557 | App
2024-11-27 15:44:07,057 - my_logger - DEBUG - Laster opp 94840 | 2024-11-21T13:19:59Z | https://hvl.instructure.com/courses/27006/external_tools/retrieve?display=borderless&url=https%3A%2F%2Fhvl.h5p.com%2Fcontent%2F1290812761777737187 | App
2024-11-27 15:44:07,080 - my_logger - DEBUG - Laster opp 94840 | 2024-11-21T13:19:59Z | https://hvl.instructure.com/courses/27006/external_tools/retrieve?display=borderless&url=https%3A%2F%2Fhvl.h5p.com%2Fcontent%2F1290812760609951657 | App
2024-11-27 15:44:07,103 - my_logger - DEBUG - Laster opp 94840 | 2024-11-21T13:19:59Z | https://hvl.instructure.com/courses/27006/external_tools/retrieve?display=borderless&url=https%3A%2F%2Fhvl.h5p.com%2Fcontent%2F1290812761381034867 | App
2024-11-27 15:44:07,127 - my_logger - DEBUG - Laster opp 94840 | 2024-11-21T13:19:59Z | https://hvl.instructure.com/courses/27006/external_tools/retrieve?display=borderless&url=https%3A%2F%2Fhvl.h5p.com%2Fcontent%2F1290812758339282837 | App
2024-11-27 15:44:07,150 - my_logger - DEBUG - Laster opp 94840 | 2024-11-21T13:19:59Z | https://hvl.instructure.com/courses/27006/external_tools/retrieve?display=borderless&url=https%3A%2F%2Fhvl.h5p.com%2Fcontent%2F1290812758833494077 | App
2024-11-27 15:44:07,176 - my_logger - DEBUG - Laster opp 94840 | 2024-11-21T13:19:59Z | https://hvl.instructure.com/courses/27006/external_tools/retrieve?display=borderless&url=https%3A%2F%2Fhvl.h5p.com%2Fcontent%2F1290812757650000727 | App
2024-11-27 15:44:07,203 - my_logger - DEBUG - Laster opp 94840 | 2024-11-21T13:19:59Z | https://hvl.instructure.com/courses/27006/external_tools/retrieve?display=borderless&url=https%3A%2F%2Fhvl.h5p.com%2Fcontent%2F1290812759313060177 | App
2024-11-27 15:44:07,228 - my_logger - DEBUG - Laster opp 94840 | 2024-11-21T13:19:59Z | https://hvl.instructure.com/courses/27006/external_tools/retrieve?display=borderless&url=https%3A%2F%2Fhvl.h5p.com%2Fcontent%2F1290812756453364327 | App
2024-11-27 15:44:07,252 - my_logger - DEBUG - Laster opp 94840 | 2024-11-21T13:19:59Z | https://hvl.instructure.com/courses/27006/external_tools/retrieve?display=borderless&url=https%3A%2F%2Fhvl.h5p.com%2Fcontent%2F1290812756921969317 | App
2024-11-27 15:44:07,276 - my_logger - DEBUG - Laster opp 94840 | 2024-11-21T13:19:58Z | https://hvl.instructure.com/courses/27006/pages/profesjonsspesifikk-oppgave-identifiser-type-kjernesporsmal-og-best-egnet-design?module_item_id=666726 | Page
2024-11-27 15:44:07,300 - my_logger - DEBUG - Laster opp 94840 | 2024-11-21T13:19:29Z | https://hvl.instructure.com/courses/27006/external_tools/retrieve?display=borderless&url=https%3A%2F%2Fhvl.h5p.com%2Fcontent%2F1291521660350664807 | App
2024-11-27 15:44:07,324 - my_logger - DEBUG - Laster opp 94840 | 2024-11-21T13:19:29Z | https://hvl.instructure.com/courses/27006/external_tools/retrieve?display=borderless&url=https%3A%2F%2Fhvl.h5p.com%2Fcontent%2F1291521660350664807 | App
2024-11-27 15:44:07,348 - my_logger - DEBUG - Laster opp 94840 | 2024-11-21T13:19:28Z | https://hvl.instructure.com/courses/27006/pages/innendeltakerdesign?module_item_id=666727 | Page
2024-11-27 15:44:07,371 - my_logger - DEBUG - Laster opp 94840 | 2024-11-21T13:12:36Z | https://hvl.instructure.com/courses/27006/external_tools/retrieve?display=borderless&url=https%3A%2F%2Fhvl.h5p.com%2Fcontent%2F1290812759313060177 | App
2024-11-27 15:44:07,396 - my_logger - DEBUG - Laster opp 94840 | 2024-11-21T13:12:36Z | https://hvl.instructure.com/courses/27006/external_tools/retrieve?display=borderless&url=https%3A%2F%2Fhvl.h5p.com%2Fcontent%2F1290812761381034867 | App
2024-11-27 15:44:07,421 - my_logger - DEBUG - Laster opp 94840 | 2024-11-21T13:12:36Z | https://hvl.instructure.com/courses/27006/external_tools/retrieve?display=borderless&url=https%3A%2F%2Fhvl.h5p.com%2Fcontent%2F1290812762568727007 | App
2024-11-27 15:44:07,444 - my_logger - DEBUG - Laster opp 94840 | 2024-11-21T13:12:36Z | https://hvl.instructure.com/courses/27006/external_tools/retrieve?display=borderless&url=https%3A%2F%2Fhvl.h5p.com%2Fcontent%2F1290812756453364327 | App
2024-11-27 15:44:07,467 - my_logger - DEBUG - Laster opp 94840 | 2024-11-21T13:12:36Z | https://hvl.instructure.com/courses/27006/external_tools/retrieve?display=borderless&url=https%3A%2F%2Fhvl.h5p.com%2Fcontent%2F1290812761777737187 | App
2024-11-27 15:44:07,491 - my_logger - DEBUG - Laster opp 94840 | 2024-11-21T13:12:36Z | https://hvl.instructure.com/courses/27006/external_tools/retrieve?display=borderless&url=https%3A%2F%2Fhvl.h5p.com%2Fcontent%2F1290812760225270557 | App
2024-11-27 15:44:07,514 - my_logger - DEBUG - Laster opp 94840 | 2024-11-21T13:12:36Z | https://hvl.instructure.com/courses/27006/external_tools/retrieve?display=borderless&url=https%3A%2F%2Fhvl.h5p.com%2Fcontent%2F1290812760609951657 | App
2024-11-27 15:44:07,537 - my_logger - DEBUG - Laster opp 94840 | 2024-11-21T13:12:36Z | https://hvl.instructure.com/courses/27006/external_tools/retrieve?display=borderless&url=https%3A%2F%2Fhvl.h5p.com%2Fcontent%2F1290812762909255467 | App
2024-11-27 15:44:07,560 - my_logger - DEBUG - Laster opp 94840 | 2024-11-21T13:12:36Z | https://hvl.instructure.com/courses/27006/external_tools/retrieve?display=borderless&url=https%3A%2F%2Fhvl.h5p.com%2Fcontent%2F1290812762160575187 | App
2024-11-27 15:44:07,584 - my_logger - DEBUG - Laster opp 94840 | 2024-11-21T13:12:36Z | https://hvl.instructure.com/courses/27006/external_tools/retrieve?display=borderless&url=https%3A%2F%2Fhvl.h5p.com%2Fcontent%2F1290812760981086297 | App
2024-11-27 15:44:07,609 - my_logger - DEBUG - Laster opp 94840 | 2024-11-21T13:12:36Z | https://hvl.instructure.com/courses/27006/external_tools/retrieve?display=borderless&url=https%3A%2F%2Fhvl.h5p.com%2Fcontent%2F1290812756921969317 | App
2024-11-27 15:44:07,632 - my_logger - DEBUG - Laster opp 94840 | 2024-11-21T13:12:36Z | https://hvl.instructure.com/courses/27006/external_tools/retrieve?display=borderless&url=https%3A%2F%2Fhvl.h5p.com%2Fcontent%2F1290812758339282837 | App
2024-11-27 15:44:07,656 - my_logger - DEBUG - Laster opp 94840 | 2024-11-21T13:12:36Z | https://hvl.instructure.com/courses/27006/external_tools/retrieve?display=borderless&url=https%3A%2F%2Fhvl.h5p.com%2Fcontent%2F1290812757650000727 | App
2024-11-27 15:44:07,680 - my_logger - DEBUG - Laster opp 94840 | 2024-11-21T13:12:36Z | https://hvl.instructure.com/courses/27006/external_tools/retrieve?display=borderless&url=https%3A%2F%2Fhvl.h5p.com%2Fcontent%2F1290812758833494077 | App
2024-11-27 15:44:07,704 - my_logger - DEBUG - Skal hente history for 92790
2024-11-27 15:44:28,843 - my_logger - DEBUG - Laster opp 92790 | 2024-11-21T20:25:34Z | https://hvl.instructure.com/courses/30729/external_tools/55 | App
2024-11-27 15:44:28,868 - my_logger - DEBUG - Laster opp 92790 | 2024-11-21T20:25:29Z | https://hvl.instructure.com/courses/30729 | Home
2024-11-27 15:44:28,892 - my_logger - DEBUG - Skal hente history for 92532
2024-11-27 15:44:29,221 - my_logger - DEBUG - Laster opp 92532 | 2024-11-21T12:01:44Z | https://hvl.instructure.com/courses/28512/external_tools/55 | App
2024-11-27 15:44:29,247 - my_logger - DEBUG - Laster opp 92532 | 2024-11-21T12:00:53Z | https://hvl.instructure.com/courses/28512 | Home
2024-11-27 15:44:29,272 - my_logger - DEBUG - Laster opp 92532 | 2024-11-21T11:59:41Z | https://hvl.instructure.com/courses/27005/files/2360984/file_preview?annotate=0 | File
2024-11-27 15:44:29,296 - my_logger - DEBUG - Laster opp 92532 | 2024-11-21T11:57:35Z | https://hvl.instructure.com/courses/28512/modules | Module
2024-11-27 15:44:29,321 - my_logger - DEBUG - Laster opp 92532 | 2024-11-21T11:55:11Z | https://hvl.instructure.com/courses/27005/pages/kunnskapspyramiden?module_item_id=666508 | Page
2024-11-27 15:44:29,344 - my_logger - DEBUG - Laster opp 92532 | 2024-11-21T11:29:37Z | https://hvl.instructure.com/courses/28512/external_tools/55 | App
2024-11-27 15:44:29,368 - my_logger - DEBUG - Laster opp 92532 | 2024-11-21T11:29:33Z | https://hvl.instructure.com/courses/28512 | Home
2024-11-27 15:44:29,392 - my_logger - DEBUG - Laster opp 92532 | 2024-11-21T11:29:07Z | https://hvl.instructure.com/courses/27005/modules | Module
2024-11-27 15:44:29,416 - my_logger - DEBUG - Laster opp 92532 | 2024-11-21T10:47:41Z | https://hvl.instructure.com/courses/27005/files/2360984/file_preview?annotate=0 | File
2024-11-27 15:44:29,439 - my_logger - DEBUG - Laster opp 92532 | 2024-11-21T10:47:24Z | https://hvl.instructure.com/courses/27005/pages/kunnskapspyramiden?module_item_id=666508 | Page
2024-11-27 15:44:29,465 - my_logger - DEBUG - Skal hente history for 93394
2024-11-27 15:44:29,898 - my_logger - DEBUG - Laster opp 93394 | 2024-11-21T09:30:38Z | https://hvl.instructure.com/courses/24262/discussion_topics/372697 | Discussion
2024-11-27 15:44:29,921 - my_logger - DEBUG - Laster opp 93394 | 2024-11-21T09:30:25Z | https://hvl.instructure.com/courses/24262 | Home
2024-11-27 15:44:29,945 - my_logger - DEBUG - Laster opp 93394 | 2024-11-21T08:43:59Z | https://hvl.instructure.com/courses/28295/files/3090042?module_item_id=873799 | File
2024-11-27 15:44:29,968 - my_logger - DEBUG - Laster opp 93394 | 2024-11-21T08:43:25Z | https://hvl.instructure.com/courses/28295 | Home
2024-11-27 15:44:29,991 - my_logger - DEBUG - Skal hente history for 94592
2024-11-27 15:44:30,340 - my_logger - DEBUG - Laster opp 94592 | 2024-11-21T08:27:31Z | https://hvl.instructure.com/courses/28609/files/3090432/file_preview?annotate=0 | File
2024-11-27 15:44:30,364 - my_logger - DEBUG - Laster opp 94592 | 2024-11-21T07:29:25Z | https://hvl.instructure.com/courses/28609/files/3090432/file_preview?annotate=0 | File
2024-11-27 15:44:30,387 - my_logger - DEBUG - Laster opp 94592 | 2024-11-21T07:29:08Z | https://hvl.instructure.com/courses/28609/pages/velferdsstaten-og-familien?module_item_id=872953 | Page
2024-11-27 15:44:30,411 - my_logger - DEBUG - Laster opp 94592 | 2024-11-21T07:28:57Z | https://hvl.instructure.com/courses/28609/modules | Module
2024-11-27 15:44:30,435 - my_logger - DEBUG - Skal hente history for 94602
2024-11-27 15:44:30,765 - my_logger - DEBUG - Laster opp 94602 | 2024-11-22T13:51:04Z | https://hvl.instructure.com/courses/28609/discussion_topics/372872 | Discussion
2024-11-27 15:44:30,788 - my_logger - DEBUG - Laster opp 94602 | 2024-11-21T09:30:07Z | https://hvl.instructure.com/courses/28609/files/3090432/file_preview?annotate=0 | File
2024-11-27 15:44:30,811 - my_logger - DEBUG - Laster opp 94602 | 2024-11-21T09:30:02Z | https://hvl.instructure.com/courses/28609/pages/velferdsstaten-og-familien?module_item_id=872953 | Page
2024-11-27 15:44:30,834 - my_logger - DEBUG - Laster opp 94602 | 2024-11-21T09:29:55Z | https://hvl.instructure.com/courses/28609/modules | Module
2024-11-27 15:44:30,858 - my_logger - DEBUG - Laster opp 94602 | 2024-11-21T09:29:42Z | https://hvl.instructure.com/courses/28609/assignments/80832 | Assignment
2024-11-27 15:44:30,884 - my_logger - DEBUG - Laster opp 94602 | 2024-11-21T09:29:36Z | https://hvl.instructure.com/courses/28609/grades | Grades
2024-11-27 15:44:30,908 - my_logger - DEBUG - Laster opp 94602 | 2024-11-21T09:29:31Z | https://hvl.instructure.com/courses/28609 | Home
2024-11-27 15:44:30,932 - my_logger - DEBUG - Skal hente history for 94203
2024-11-27 15:44:31,242 - my_logger - DEBUG - Skal hente history for 92958
2024-11-27 15:44:31,594 - my_logger - DEBUG - Laster opp 92958 | 2024-11-22T13:53:17Z | https://hvl.instructure.com/courses/27938/discussion_topics/373045?embed=true&session_timezone=Europe/Oslo&session_locale=nb-NO | Discussion
2024-11-27 15:44:31,618 - my_logger - DEBUG - Laster opp 92958 | 2024-11-22T13:35:51Z | https://hvl.instructure.com/courses/27938/discussion_topics/373043?embed=true&session_timezone=Europe%2FOslo&session_locale=nb-NO&display=borderless | Discussion
